Lmod has detected the following error: The following module(s) are unknown:
"gcc"

Please check the spelling or version number. Also try "module spider ..."
It is also possible your cache file is out-of-date; it may help to try:
  $ module --ignore-cache load "gcc"

Also make sure that all modulefiles written in TCL start with the string
#%Module



Unlocking working directory.
Building DAG of jobs...
Using shell: /usr/bin/bash
Provided cluster nodes: 500
Job stats:
job           count    min threads    max threads
----------  -------  -------------  -------------
all               1              1              1
simulation        6              1              1
total             7              1              1

Select jobs to execute...

[Mon Aug 22 23:30:00 2022]
rule simulation:
    output: /groups/rgutenk/lnt/projects/stdpopsim/analysis2/results/simulated_data/Constant/none/none/1845187043/sim_chr21.trees
    jobid: 1
    reason: Missing output files: /groups/rgutenk/lnt/projects/stdpopsim/analysis2/results/simulated_data/Constant/none/none/1845187043/sim_chr21.trees
    wildcards: demog=Constant, dfes=none, annots=none, seeds=1845187043, chrms=chr21
    resources: mem_mb=10000, disk_mb=1000, tmpdir=/tmp, time=3000, threads=1

Submitted job 1 with external jobid 'Submitted batch job 4198527'.

[Mon Aug 22 23:30:05 2022]
rule simulation:
    output: /groups/rgutenk/lnt/projects/stdpopsim/analysis2/results/simulated_data/OutOfAfrica_3G09/none/none/1675701734/sim_chr21.trees
    jobid: 4
    reason: Missing output files: /groups/rgutenk/lnt/projects/stdpopsim/analysis2/results/simulated_data/OutOfAfrica_3G09/none/none/1675701734/sim_chr21.trees
    wildcards: demog=OutOfAfrica_3G09, dfes=none, annots=none, seeds=1675701734, chrms=chr21
    resources: mem_mb=10000, disk_mb=1000, tmpdir=/tmp, time=3000, threads=1

Submitted job 4 with external jobid 'Submitted batch job 4198528'.

[Mon Aug 22 23:30:05 2022]
rule simulation:
    output: /groups/rgutenk/lnt/projects/stdpopsim/analysis2/results/simulated_data/OutOfAfrica_3G09/none/none/1358822686/sim_chr21.trees
    jobid: 6
    reason: Missing output files: /groups/rgutenk/lnt/projects/stdpopsim/analysis2/results/simulated_data/OutOfAfrica_3G09/none/none/1358822686/sim_chr21.trees
    wildcards: demog=OutOfAfrica_3G09, dfes=none, annots=none, seeds=1358822686, chrms=chr21
    resources: mem_mb=10000, disk_mb=1000, tmpdir=/tmp, time=3000, threads=1

Submitted job 6 with external jobid 'Submitted batch job 4198529'.

[Mon Aug 22 23:30:05 2022]
rule simulation:
    output: /groups/rgutenk/lnt/projects/stdpopsim/analysis2/results/simulated_data/OutOfAfrica_3G09/none/none/1845187043/sim_chr21.trees
    jobid: 2
    reason: Missing output files: /groups/rgutenk/lnt/projects/stdpopsim/analysis2/results/simulated_data/OutOfAfrica_3G09/none/none/1845187043/sim_chr21.trees
    wildcards: demog=OutOfAfrica_3G09, dfes=none, annots=none, seeds=1845187043, chrms=chr21
    resources: mem_mb=10000, disk_mb=1000, tmpdir=/tmp, time=3000, threads=1

Submitted job 2 with external jobid 'Submitted batch job 4198530'.

[Mon Aug 22 23:30:05 2022]
rule simulation:
    output: /groups/rgutenk/lnt/projects/stdpopsim/analysis2/results/simulated_data/Constant/none/none/1675701734/sim_chr21.trees
    jobid: 3
    reason: Missing output files: /groups/rgutenk/lnt/projects/stdpopsim/analysis2/results/simulated_data/Constant/none/none/1675701734/sim_chr21.trees
    wildcards: demog=Constant, dfes=none, annots=none, seeds=1675701734, chrms=chr21
    resources: mem_mb=10000, disk_mb=1000, tmpdir=/tmp, time=3000, threads=1

Submitted job 3 with external jobid 'Submitted batch job 4198531'.

[Mon Aug 22 23:30:05 2022]
rule simulation:
    output: /groups/rgutenk/lnt/projects/stdpopsim/analysis2/results/simulated_data/Constant/none/none/1358822686/sim_chr21.trees
    jobid: 5
    reason: Missing output files: /groups/rgutenk/lnt/projects/stdpopsim/analysis2/results/simulated_data/Constant/none/none/1358822686/sim_chr21.trees
    wildcards: demog=Constant, dfes=none, annots=none, seeds=1358822686, chrms=chr21
    resources: mem_mb=10000, disk_mb=1000, tmpdir=/tmp, time=3000, threads=1

Submitted job 5 with external jobid 'Submitted batch job 4198532'.
[Tue Aug 23 01:06:49 2022]
Finished job 1.
1 of 7 steps (14%) done
[Tue Aug 23 01:06:50 2022]
Finished job 4.
2 of 7 steps (29%) done
[Tue Aug 23 01:06:51 2022]
Finished job 6.
3 of 7 steps (43%) done
[Tue Aug 23 01:06:52 2022]
Finished job 2.
4 of 7 steps (57%) done
[Tue Aug 23 01:06:53 2022]
Finished job 3.
5 of 7 steps (71%) done
[Tue Aug 23 01:06:54 2022]
Finished job 5.
6 of 7 steps (86%) done
Select jobs to execute...

[Tue Aug 23 01:06:54 2022]
localrule all:
    input: /groups/rgutenk/lnt/projects/stdpopsim/analysis2/results/simulated_data/Constant/none/none/1845187043/sim_chr21.trees, /groups/rgutenk/lnt/projects/stdpopsim/analysis2/results/simulated_data/OutOfAfrica_3G09/none/none/1845187043/sim_chr21.trees, /groups/rgutenk/lnt/projects/stdpopsim/analysis2/results/simulated_data/Constant/none/none/1675701734/sim_chr21.trees, /groups/rgutenk/lnt/projects/stdpopsim/analysis2/results/simulated_data/OutOfAfrica_3G09/none/none/1675701734/sim_chr21.trees, /groups/rgutenk/lnt/projects/stdpopsim/analysis2/results/simulated_data/Constant/none/none/1358822686/sim_chr21.trees, /groups/rgutenk/lnt/projects/stdpopsim/analysis2/results/simulated_data/OutOfAfrica_3G09/none/none/1358822686/sim_chr21.trees
    jobid: 0
    reason: Input files updated by another job: /groups/rgutenk/lnt/projects/stdpopsim/analysis2/results/simulated_data/OutOfAfrica_3G09/none/none/1358822686/sim_chr21.trees, /groups/rgutenk/lnt/projects/stdpopsim/analysis2/results/simulated_data/Constant/none/none/1675701734/sim_chr21.trees, /groups/rgutenk/lnt/projects/stdpopsim/analysis2/results/simulated_data/Constant/none/none/1845187043/sim_chr21.trees, /groups/rgutenk/lnt/projects/stdpopsim/analysis2/results/simulated_data/Constant/none/none/1358822686/sim_chr21.trees, /groups/rgutenk/lnt/projects/stdpopsim/analysis2/results/simulated_data/OutOfAfrica_3G09/none/none/1675701734/sim_chr21.trees, /groups/rgutenk/lnt/projects/stdpopsim/analysis2/results/simulated_data/OutOfAfrica_3G09/none/none/1845187043/sim_chr21.trees
    resources: mem_mb=5000, disk_mb=1000, tmpdir=/tmp, time=60, threads=1

[Tue Aug 23 01:06:54 2022]
Finished job 0.
7 of 7 steps (100%) done
Complete log: .snakemake/log/2022-08-22T232958.782067.snakemake.log
