Lmod has detected the following error: The following module(s) are unknown:
"gcc"

Please check the spelling or version number. Also try "module spider ..."
It is also possible your cache file is out-of-date; it may help to try:
  $ module --ignore-cache load "gcc"

Also make sure that all modulefiles written in TCL start with the string
#%Module



Unlocking working directory.
Building DAG of jobs...
Using shell: /usr/bin/bash
Provided cluster nodes: 500
Job stats:
job                      count    min threads    max threads
---------------------  -------  -------------  -------------
simulation_all               1              1              1
simulation_simulation        1              1              1
total                        2              1              1

Select jobs to execute...

[Tue Aug 23 01:12:07 2022]
rule simulation_simulation:
    output: /groups/rgutenk/lnt/projects/stdpopsim/analysis2/results/simulated_data/Constant/Gamma_H17/ensembl_havana_104_exons/1845187043/sim_chr21.trees
    jobid: 1
    reason: Missing output files: /groups/rgutenk/lnt/projects/stdpopsim/analysis2/results/simulated_data/Constant/Gamma_H17/ensembl_havana_104_exons/1845187043/sim_chr21.trees
    wildcards: demog=Constant, dfes=Gamma_H17, annots=ensembl_havana_104_exons, seeds=1845187043, chrms=chr21
    resources: mem_mb=10000, disk_mb=1000, tmpdir=/tmp, time=3000, threads=1

Submitted job 1 with external jobid 'Submitted batch job 4198749'.
Aug 23 01:14:45.807290 56295 slurmstepd   0x2b9b00913700: error: *** JOB 4198748 ON r6u07n2 CANCELLED AT 2022-08-23T01:14:45 ***
